This is pdfTeX, Version 3.1415926-2.5-1.40.14 (MiKTeX 2.9 64-bit) (preloaded format=mptopdf 2014.5.18)  9 JUN 2014 21:29
entering extended mode
**\relax illustrations.6
 (D:\ITMO\CourseWork\defence\pic\illustrations.6{C:/ProgramData/MiKTeX/2.9/pdft
ex/config/pdftex.map}) [1] 
Here is how much of TeX's memory you used:
 66 strings out of 496999
 596 string characters out of 3201912
 103385 words of memory out of 3000000
 1771 multiletter control sequences out of 15000+200000
 3733 words of font info for 9 fonts, out of 3000000 for 9000
 0 hyphenation exceptions out of 8191
 10i,3n,7p,171b,212s stack positions out of 5000i,500n,10000p,200000b,50000s
 <C:\Users\Den\AppData\Local\MiKTeX\2.9\fonts\pk\ljfo
ur\lh\lh-t2a\dpi1200\larm1000.pk> <C:\Users\Den\AppData\Local\MiKTeX\2.9\fonts\
pk\ljfour\lh\lh-t2a\dpi2400\larm1000.pk><C:/Program Files/MiKTeX 2.9/fonts/type
1/public/amsfonts/cm/cmmi10.pfb><C:/Program Files/MiKTeX 2.9/fonts/type1/public
/amsfonts/cm/cmmi7.pfb><C:/Program Files/MiKTeX 2.9/fonts/type1/public/amsfonts
/cm/cmr10.pfb><C:/Program Files/MiKTeX 2.9/fonts/type1/public/amsfonts/cm/cmr7.
pfb><C:/Program Files/MiKTeX 2.9/fonts/type1/public/amsfonts/cm/cmsy10.pfb><C:/
Program Files/MiKTeX 2.9/fonts/type1/public/amsfonts/cm/cmsy7.pfb>
Output written on illustrations.pdf (1 page, 68036 bytes).
PDF statistics:
 77 PDF objects out of 1000 (max. 8388607)
 0 named destinations out of 1000 (max. 500000)
 7 words of extra memory for PDF output out of 10000 (max. 10000000)

